DEBUG - find_abstract() - abstract found: "Abstract".
INFO - get_paragraph_titles() - Abstract with font=3 found: "Abstract".
DEBUG - find_references() - references found: "References".
INFO - get_paragraph_titles() - References with font=1 found: "References".
INFO - get_paragraph_titles() - Introduction with References font=1 found: "Introduction".
INFO - get_paragraph_titles() - Valid paragraph titles found:
	- Introduction
	- The framework
	- Inference
	- Experimental Results
	- Conclusions and future work
	- References
INFO - Paragraph titles detected:
	- Abstract	in page: 1
	- Introduction	in page: 1
	- The framework	in page: 1
	- Inference	in page: 3
	- Experimental Results	in page: 6
	- Conclusions and future work	in page: 7
	- References	in page: 7
INFO - parse_txt() - Titles matched:
	- 0# Bayesian Fault Detection and Diagnosis in Dynamic Systems
	- 1# Abstract
	- 2# Introduction
	- 3# The framework
	- 4# Inference
	- 5# Experimental Results
	- 6# Conclusions and future work
	- 7# References
