INFO:root:

>>> TAXONOMY WITH 7 SUBJECTS - PART 1


INFO:root:OneVsRest - Multinomial NB     
INFO:root:... training on 12094 samples
INFO:root:... predicting on train set
INFO:root:
		 accuracy = 0.9013560443194972
INFO:root:
		 f1_macro = 0.0021482277121374865
INFO:root:
              precision    recall  f1-score   support

         phy       0.00      0.00      0.00       130
        math       0.75      0.01      0.02       395
       q-bio       0.00      0.00      0.00       157
       q-fin       0.00      0.00      0.00        28
        stat       0.00      0.00      0.00       257
        eess       0.00      0.00      0.00       342
        econ       0.00      0.00      0.00        13

   micro avg       0.60      0.00      0.00      1322
   macro avg       0.11      0.00      0.00      1322
weighted avg       0.22      0.00      0.00      1322
 samples avg       0.00      0.00      0.00      1322

INFO:root:... predicting on test set
INFO:root:
		 accuracy = 0.9004629629629629
INFO:root:
		 f1_macro = 0.0
INFO:root:
              precision    recall  f1-score   support

         phy       0.00      0.00      0.00        33
        math       0.00      0.00      0.00        99
       q-bio       0.00      0.00      0.00        39
       q-fin       0.00      0.00      0.00         7
        stat       0.00      0.00      0.00        64
        eess       0.00      0.00      0.00        85
        econ       0.00      0.00      0.00         3

   micro avg       0.00      0.00      0.00       330
   macro avg       0.00      0.00      0.00       330
weighted avg       0.00      0.00      0.00       330
 samples avg       0.00      0.00      0.00       330

INFO:root:============================================================
INFO:root:OneVsRest - Complement NB      
INFO:root:... training on 12094 samples
INFO:root:... predicting on train set
INFO:root:
		 accuracy = 0.9014387299487349
INFO:root:
		 f1_macro = 0.02270577105014191
INFO:root:
              precision    recall  f1-score   support

         phy       0.00      0.00      0.00       130
        math       0.62      0.09      0.16       395
       q-bio       0.00      0.00      0.00       157
       q-fin       0.00      0.00      0.00        28
        stat       0.00      0.00      0.00       257
        eess       0.00      0.00      0.00       342
        econ       0.00      0.00      0.00        13

   micro avg       0.43      0.03      0.05      1322
   macro avg       0.09      0.01      0.02      1322
weighted avg       0.19      0.03      0.05      1322
 samples avg       0.00      0.00      0.00      1322

INFO:root:... predicting on test set
INFO:root:
		 accuracy = 0.90244708994709
INFO:root:
		 f1_macro = 0.029813664596273295
INFO:root:
              precision    recall  f1-score   support

         phy       0.00      0.00      0.00        33
        math       0.75      0.12      0.21        99
       q-bio       0.00      0.00      0.00        39
       q-fin       0.00      0.00      0.00         7
        stat       0.00      0.00      0.00        64
        eess       0.00      0.00      0.00        85
        econ       0.00      0.00      0.00         3

   micro avg       0.63      0.04      0.07       330
   macro avg       0.11      0.02      0.03       330
weighted avg       0.23      0.04      0.06       330
 samples avg       0.00      0.00      0.00       330

INFO:root:============================================================
INFO:root:OneVsRest - Complement NB norm 
INFO:root:... training on 12094 samples
INFO:root:... predicting on train set
INFO:root:
		 accuracy = 0.9014387299487349
INFO:root:
		 f1_macro = 0.0021536252692031586
INFO:root:
              precision    recall  f1-score   support

         phy       0.00      0.00      0.00       130
        math       1.00      0.01      0.02       395
       q-bio       0.00      0.00      0.00       157
       q-fin       0.00      0.00      0.00        28
        stat       0.00      0.00      0.00       257
        eess       0.00      0.00      0.00       342
        econ       0.00      0.00      0.00        13

   micro avg       1.00      0.00      0.00      1322
   macro avg       0.14      0.00      0.00      1322
weighted avg       0.30      0.00      0.00      1322
 samples avg       0.00      0.00      0.00      1322

INFO:root:... predicting on test set
INFO:root:
		 accuracy = 0.9004629629629629
INFO:root:
		 f1_macro = 0.0
INFO:root:
              precision    recall  f1-score   support

         phy       0.00      0.00      0.00        33
        math       0.00      0.00      0.00        99
       q-bio       0.00      0.00      0.00        39
       q-fin       0.00      0.00      0.00         7
        stat       0.00      0.00      0.00        64
        eess       0.00      0.00      0.00        85
        econ       0.00      0.00      0.00         3

   micro avg       0.00      0.00      0.00       330
   macro avg       0.00      0.00      0.00       330
weighted avg       0.00      0.00      0.00       330
 samples avg       0.00      0.00      0.00       330

INFO:root:============================================================
INFO:root:OneVsRest - Linear SVC         
INFO:root:... training on 12094 samples
INFO:root:... predicting on train set
INFO:root:
		 accuracy = 0.9804035058706797
INFO:root:
		 f1_macro = 0.93680640019025
INFO:root:
              precision    recall  f1-score   support

         phy       0.95      1.00      0.97       130
        math       0.80      1.00      0.89       395
       q-bio       0.91      1.00      0.95       157
       q-fin       0.82      1.00      0.90        28
        stat       0.91      1.00      0.95       257
        eess       0.80      1.00      0.89       342
        econ       1.00      1.00      1.00        13

   micro avg       0.85      1.00      0.92      1322
   macro avg       0.88      1.00      0.94      1322
weighted avg       0.85      1.00      0.92      1322
 samples avg       0.10      0.10      0.10      1322

INFO:root:... predicting on test set
INFO:root:
		 accuracy = 0.8806216931216931
INFO:root:
		 f1_macro = 0.32437517787141845
INFO:root:
              precision    recall  f1-score   support

         phy       0.47      0.27      0.35        33
        math       0.39      0.43      0.41        99
       q-bio       0.39      0.36      0.37        39
       q-fin       0.67      0.29      0.40         7
        stat       0.27      0.27      0.27        64
        eess       0.47      0.47      0.47        85
        econ       0.00      0.00      0.00         3

   micro avg       0.40      0.38      0.39       330
   macro avg       0.38      0.30      0.32       330
weighted avg       0.40      0.38      0.38       330
 samples avg       0.04      0.04      0.04       330

INFO:root:============================================================
INFO:root:OneVsRest - Logistic Regression
INFO:root:... training on 12094 samples
INFO:root:... predicting on train set
INFO:root:
		 accuracy = 0.577559120224905
INFO:root:
		 f1_macro = 0.2524752023477669
INFO:root:
              precision    recall  f1-score   support

         phy       0.04      0.96      0.08       130
        math       0.33      0.95      0.48       395
       q-bio       0.22      0.82      0.35       157
       q-fin       0.04      1.00      0.08        28
        stat       0.22      0.81      0.34       257
        eess       0.26      0.89      0.41       342
        econ       0.01      0.85      0.02        13

   micro avg       0.14      0.89      0.24      1322
   macro avg       0.16      0.90      0.25      1322
weighted avg       0.24      0.89      0.37      1322
 samples avg       0.06      0.09      0.07      1322

INFO:root:... predicting on test set
INFO:root:
		 accuracy = 0.5539021164021164
INFO:root:
		 f1_macro = 0.18550567915537916
INFO:root:
              precision    recall  f1-score   support

         phy       0.03      0.79      0.06        33
        math       0.25      0.73      0.38        99
       q-bio       0.18      0.59      0.27        39
       q-fin       0.05      1.00      0.09         7
        stat       0.10      0.44      0.17        64
        eess       0.21      0.68      0.32        85
        econ       0.00      0.33      0.01         3

   micro avg       0.10      0.65      0.17       330
   macro avg       0.12      0.65      0.19       330
weighted avg       0.18      0.65      0.27       330
 samples avg       0.05      0.07      0.05       330

INFO:root:============================================================
INFO:root:OneVsRest - Dummy Uniform      
INFO:root:... training on 12094 samples
INFO:root:... predicting on train set
INFO:root:
		 accuracy = 0.901190673061022
INFO:root:
		 f1_macro = 0.0
INFO:root:
              precision    recall  f1-score   support

         phy       0.00      0.00      0.00       130
        math       0.00      0.00      0.00       395
       q-bio       0.00      0.00      0.00       157
       q-fin       0.00      0.00      0.00        28
        stat       0.00      0.00      0.00       257
        eess       0.00      0.00      0.00       342
        econ       0.00      0.00      0.00        13

   micro avg       0.00      0.00      0.00      1322
   macro avg       0.00      0.00      0.00      1322
weighted avg       0.00      0.00      0.00      1322
 samples avg       0.00      0.00      0.00      1322

INFO:root:... predicting on test set
INFO:root:
		 accuracy = 0.9004629629629629
INFO:root:
		 f1_macro = 0.0
INFO:root:
              precision    recall  f1-score   support

         phy       0.00      0.00      0.00        33
        math       0.00      0.00      0.00        99
       q-bio       0.00      0.00      0.00        39
       q-fin       0.00      0.00      0.00         7
        stat       0.00      0.00      0.00        64
        eess       0.00      0.00      0.00        85
        econ       0.00      0.00      0.00         3

   micro avg       0.00      0.00      0.00       330
   macro avg       0.00      0.00      0.00       330
weighted avg       0.00      0.00      0.00       330
 samples avg       0.00      0.00      0.00       330

INFO:root:============================================================
INFO:root:OneVsRest - Dummy Most-Frequent
INFO:root:... training on 12094 samples
INFO:root:... predicting on train set
INFO:root:
		 accuracy = 0.901190673061022
INFO:root:
		 f1_macro = 0.0
INFO:root:
              precision    recall  f1-score   support

         phy       0.00      0.00      0.00       130
        math       0.00      0.00      0.00       395
       q-bio       0.00      0.00      0.00       157
       q-fin       0.00      0.00      0.00        28
        stat       0.00      0.00      0.00       257
        eess       0.00      0.00      0.00       342
        econ       0.00      0.00      0.00        13

   micro avg       0.00      0.00      0.00      1322
   macro avg       0.00      0.00      0.00      1322
weighted avg       0.00      0.00      0.00      1322
 samples avg       0.00      0.00      0.00      1322

INFO:root:... predicting on test set
INFO:root:
		 accuracy = 0.9004629629629629
INFO:root:
		 f1_macro = 0.0
INFO:root:
              precision    recall  f1-score   support

         phy       0.00      0.00      0.00        33
        math       0.00      0.00      0.00        99
       q-bio       0.00      0.00      0.00        39
       q-fin       0.00      0.00      0.00         7
        stat       0.00      0.00      0.00        64
        eess       0.00      0.00      0.00        85
        econ       0.00      0.00      0.00         3

   micro avg       0.00      0.00      0.00       330
   macro avg       0.00      0.00      0.00       330
weighted avg       0.00      0.00      0.00       330
 samples avg       0.00      0.00      0.00       330

INFO:root:============================================================
INFO:root:OneVsRest - Dummy Stratified   
INFO:root:... training on 12094 samples
INFO:root:... predicting on train set
INFO:root:
		 accuracy = 0.8087481395733421
INFO:root:
		 f1_macro = 0.013823576674266338
INFO:root:
              precision    recall  f1-score   support

         phy       0.02      0.02      0.02       130
        math       0.04      0.04      0.04       395
       q-bio       0.01      0.01      0.01       157
       q-fin       0.00      0.00      0.00        28
        stat       0.01      0.01      0.01       257
        eess       0.03      0.02      0.02       342
        econ       0.00      0.00      0.00        13

   micro avg       0.02      0.02      0.02      1322
   macro avg       0.01      0.01      0.01      1322
weighted avg       0.02      0.02      0.02      1322
 samples avg       0.00      0.00      0.00      1322

INFO:root:... predicting on test set
INFO:root:
		 accuracy = 0.8197751322751323
INFO:root:
		 f1_macro = 0.01443495811827079
INFO:root:
              precision    recall  f1-score   support

         phy       0.00      0.00      0.00        33
        math       0.05      0.05      0.05        99
       q-bio       0.02      0.03      0.02        39
       q-fin       0.00      0.00      0.00         7
        stat       0.00      0.00      0.00        64
        eess       0.03      0.02      0.02        85
        econ       0.00      0.00      0.00         3

   micro avg       0.03      0.02      0.03       330
   macro avg       0.01      0.01      0.01       330
weighted avg       0.03      0.02      0.02       330
 samples avg       0.00      0.00      0.00       330

INFO:root:============================================================
INFO:root:

>>> TAXONOMY WITH 5 SUBJECTS - PART 2


INFO:root:OneVsRest - Multinomial NB     
INFO:root:... training on 12078 samples
INFO:root:... predicting on train set
INFO:root:
		 accuracy = 0.5982778605729425
INFO:root:
		 f1_macro = 0.6751061196126233
INFO:root:
              precision    recall  f1-score   support

       cs.AI       0.90      0.53      0.67      2378
       cs.CV       0.94      0.92      0.93      6297
       cs.LG       0.79      0.84      0.82      5281
     stat.ML       0.77      0.80      0.78      4326
          cs       0.92      0.10      0.18      1793

   micro avg       0.85      0.75      0.80     20075
   macro avg       0.86      0.64      0.68     20075
weighted avg       0.86      0.75      0.77     20075
 samples avg       0.87      0.83      0.83     20075

INFO:root:... predicting on test set
INFO:root:
		 accuracy = 0.5756578947368421
INFO:root:
		 f1_macro = 0.6637699266291698
INFO:root:
              precision    recall  f1-score   support

       cs.AI       0.89      0.53      0.67       595
       cs.CV       0.94      0.91      0.92      1575
       cs.LG       0.76      0.83      0.80      1320
     stat.ML       0.74      0.78      0.76      1082
          cs       0.81      0.10      0.17       448

   micro avg       0.83      0.74      0.78      5020
   macro avg       0.83      0.63      0.66      5020
weighted avg       0.83      0.74      0.76      5020
 samples avg       0.86      0.82      0.81      5020

INFO:root:============================================================
INFO:root:OneVsRest - Complement NB      
INFO:root:... training on 12078 samples
INFO:root:... predicting on train set
INFO:root:
		 accuracy = 0.5976154992548435
INFO:root:
		 f1_macro = 0.7459573348508692
INFO:root:
              precision    recall  f1-score   support

       cs.AI       0.78      0.66      0.71      2378
       cs.CV       0.94      0.91      0.93      6297
       cs.LG       0.78      0.86      0.81      5281
     stat.ML       0.73      0.85      0.79      4326
          cs       0.74      0.36      0.49      1793

   micro avg       0.82      0.80      0.81     20075
   macro avg       0.79      0.73      0.75     20075
weighted avg       0.82      0.80      0.80     20075
 samples avg       0.86      0.87      0.84     20075

INFO:root:... predicting on test set
INFO:root:
		 accuracy = 0.5753289473684211
INFO:root:
		 f1_macro = 0.723149194173148
INFO:root:
              precision    recall  f1-score   support

       cs.AI       0.76      0.65      0.70       595
       cs.CV       0.94      0.90      0.92      1575
       cs.LG       0.75      0.85      0.80      1320
     stat.ML       0.71      0.83      0.76      1082
          cs       0.67      0.31      0.43       448

   micro avg       0.80      0.79      0.79      5020
   macro avg       0.77      0.71      0.72      5020
weighted avg       0.80      0.79      0.79      5020
 samples avg       0.85      0.86      0.82      5020

INFO:root:============================================================
INFO:root:OneVsRest - Complement NB norm 
INFO:root:... training on 12078 samples
INFO:root:... predicting on train set
INFO:root:
		 accuracy = 0.5856102003642987
INFO:root:
		 f1_macro = 0.6199266718057181
INFO:root:
              precision    recall  f1-score   support

       cs.AI       0.95      0.40      0.56      2378
       cs.CV       0.94      0.92      0.93      6297
       cs.LG       0.80      0.83      0.82      5281
     stat.ML       0.80      0.73      0.76      4326
          cs       0.87      0.02      0.03      1793

   micro avg       0.86      0.71      0.78     20075
   macro avg       0.87      0.58      0.62     20075
weighted avg       0.87      0.71      0.74     20075
 samples avg       0.87      0.80      0.81     20075

INFO:root:... predicting on test set
INFO:root:
		 accuracy = 0.5618421052631579
INFO:root:
		 f1_macro = 0.6103458421675445
INFO:root:
              precision    recall  f1-score   support

       cs.AI       0.96      0.41      0.57       595
       cs.CV       0.94      0.91      0.92      1575
       cs.LG       0.77      0.82      0.80      1320
     stat.ML       0.76      0.69      0.72      1082
          cs       0.80      0.02      0.03       448

   micro avg       0.84      0.70      0.76      5020
   macro avg       0.84      0.57      0.61      5020
weighted avg       0.85      0.70      0.73      5020
 samples avg       0.85      0.79      0.79      5020

INFO:root:============================================================
INFO:root:OneVsRest - Linear SVC         
INFO:root:... training on 12078 samples
INFO:root:... predicting on train set
INFO:root:
		 accuracy = 0.8872329855936413
INFO:root:
		 f1_macro = 0.9533651421754573
INFO:root:
              precision    recall  f1-score   support

       cs.AI       0.91      1.00      0.95      2378
       cs.CV       0.99      0.99      0.99      6297
       cs.LG       0.94      0.97      0.96      5281
     stat.ML       0.93      0.99      0.96      4326
          cs       0.85      1.00      0.92      1793

   micro avg       0.94      0.98      0.96     20075
   macro avg       0.92      0.99      0.95     20075
weighted avg       0.94      0.98      0.96     20075
 samples avg       0.96      0.99      0.97     20075

INFO:root:... predicting on test set
INFO:root:
		 accuracy = 0.569078947368421
INFO:root:
		 f1_macro = 0.7538239188534794
INFO:root:
              precision    recall  f1-score   support

       cs.AI       0.65      0.70      0.67       595
       cs.CV       0.94      0.92      0.93      1575
       cs.LG       0.79      0.83      0.81      1320
     stat.ML       0.75      0.82      0.78      1082
          cs       0.53      0.62      0.57       448

   micro avg       0.78      0.82      0.80      5020
   macro avg       0.73      0.78      0.75      5020
weighted avg       0.79      0.82      0.80      5020
 samples avg       0.84      0.87      0.83      5020

INFO:root:============================================================
INFO:root:OneVsRest - Logistic Regression
INFO:root:... training on 12078 samples
INFO:root:... predicting on train set
INFO:root:
		 accuracy = 0.636280841198874
INFO:root:
		 f1_macro = 0.8248470398683623
INFO:root:
              precision    recall  f1-score   support

       cs.AI       0.70      0.87      0.78      2378
       cs.CV       0.96      0.93      0.94      6297
       cs.LG       0.83      0.90      0.86      5281
     stat.ML       0.78      0.91      0.84      4326
          cs       0.57      0.91      0.70      1793

   micro avg       0.81      0.91      0.85     20075
   macro avg       0.77      0.90      0.82     20075
weighted avg       0.82      0.91      0.86     20075
 samples avg       0.86      0.93      0.87     20075

INFO:root:... predicting on test set
INFO:root:
		 accuracy = 0.5625
INFO:root:
		 f1_macro = 0.757978700937388
INFO:root:
              precision    recall  f1-score   support

       cs.AI       0.60      0.74      0.66       595
       cs.CV       0.95      0.91      0.93      1575
       cs.LG       0.79      0.87      0.83      1320
     stat.ML       0.73      0.87      0.79      1082
          cs       0.48      0.72      0.58       448

   micro avg       0.76      0.85      0.80      5020
   macro avg       0.71      0.82      0.76      5020
weighted avg       0.78      0.85      0.81      5020
 samples avg       0.83      0.90      0.83      5020

INFO:root:============================================================
INFO:root:OneVsRest - Dummy Uniform      
INFO:root:... training on 12078 samples
INFO:root:... predicting on train set
INFO:root:
		 accuracy = 0.0
INFO:root:
		 f1_macro = 0.0
INFO:root:
              precision    recall  f1-score   support

       cs.AI       0.00      0.00      0.00      2378
       cs.CV       0.00      0.00      0.00      6297
       cs.LG       0.00      0.00      0.00      5281
     stat.ML       0.00      0.00      0.00      4326
          cs       0.00      0.00      0.00      1793

   micro avg       0.00      0.00      0.00     20075
   macro avg       0.00      0.00      0.00     20075
weighted avg       0.00      0.00      0.00     20075
 samples avg       0.00      0.00      0.00     20075

INFO:root:... predicting on test set
INFO:root:
		 accuracy = 0.0
INFO:root:
		 f1_macro = 0.0
INFO:root:
              precision    recall  f1-score   support

       cs.AI       0.00      0.00      0.00       595
       cs.CV       0.00      0.00      0.00      1575
       cs.LG       0.00      0.00      0.00      1320
     stat.ML       0.00      0.00      0.00      1082
          cs       0.00      0.00      0.00       448

   micro avg       0.00      0.00      0.00      5020
   macro avg       0.00      0.00      0.00      5020
weighted avg       0.00      0.00      0.00      5020
 samples avg       0.00      0.00      0.00      5020

INFO:root:============================================================
INFO:root:OneVsRest - Dummy Most-Frequent
INFO:root:... training on 12078 samples
INFO:root:... predicting on train set
INFO:root:
		 accuracy = 0.39940387481371087
INFO:root:
		 f1_macro = 0.13707755102040817
INFO:root:
              precision    recall  f1-score   support

       cs.AI       0.00      0.00      0.00      2378
       cs.CV       0.52      1.00      0.69      6297
       cs.LG       0.00      0.00      0.00      5281
     stat.ML       0.00      0.00      0.00      4326
          cs       0.00      0.00      0.00      1793

   micro avg       0.52      0.31      0.39     20075
   macro avg       0.10      0.20      0.14     20075
weighted avg       0.16      0.31      0.21     20075
 samples avg       0.52      0.45      0.47     20075

INFO:root:... predicting on test set
INFO:root:
		 accuracy = 0.39901315789473685
INFO:root:
		 f1_macro = 0.13651137594799564
INFO:root:
              precision    recall  f1-score   support

       cs.AI       0.00      0.00      0.00       595
       cs.CV       0.52      1.00      0.68      1575
       cs.LG       0.00      0.00      0.00      1320
     stat.ML       0.00      0.00      0.00      1082
          cs       0.00      0.00      0.00       448

   micro avg       0.52      0.31      0.39      5020
   macro avg       0.10      0.20      0.14      5020
weighted avg       0.16      0.31      0.21      5020
 samples avg       0.52      0.45      0.46      5020

INFO:root:============================================================
INFO:root:OneVsRest - Dummy Stratified   
INFO:root:... training on 12078 samples
INFO:root:... predicting on train set
INFO:root:
		 accuracy = 0.07319092564994205
INFO:root:
		 f1_macro = 0.3357111604313351
INFO:root:
              precision    recall  f1-score   support

       cs.AI       0.19      0.19      0.19      2378
       cs.CV       0.53      0.54      0.54      6297
       cs.LG       0.43      0.44      0.44      5281
     stat.ML       0.37      0.36      0.36      4326
          cs       0.15      0.15      0.15      1793

   micro avg       0.40      0.40      0.40     20075
   macro avg       0.34      0.34      0.34     20075
weighted avg       0.40      0.40      0.40     20075
 samples avg       0.35      0.42      0.35     20075

INFO:root:... predicting on test set
INFO:root:
		 accuracy = 0.0756578947368421
INFO:root:
		 f1_macro = 0.32908002381659696
INFO:root:
              precision    recall  f1-score   support

       cs.AI       0.18      0.19      0.19       595
       cs.CV       0.52      0.53      0.52      1575
       cs.LG       0.43      0.42      0.43      1320
     stat.ML       0.38      0.37      0.37      1082
          cs       0.14      0.13      0.14       448

   micro avg       0.39      0.39      0.39      5020
   macro avg       0.33      0.33      0.33      5020
weighted avg       0.39      0.39      0.39      5020
 samples avg       0.35      0.42      0.34      5020

INFO:root:============================================================
