INFO:root:

>>> TAXONOMY WITH 7 SUBJECTS - PART 1


INFO:root:OneVsRest - Multinomial NB     
INFO:root:... training on 29894 samples
INFO:root:... predicting on train set
INFO:root:
		 accuracy = 0.8985415133471599
INFO:root:
		 f1_macro = 0.06538668098818476
INFO:root:
              precision    recall  f1-score   support

         phy       0.00      0.00      0.00       442
        math       0.53      0.40      0.46      1209
       q-bio       0.00      0.00      0.00       414
       q-fin       0.00      0.00      0.00        50
        stat       0.00      0.00      0.00       600
        eess       0.00      0.00      0.00       594
        econ       0.00      0.00      0.00        28

   micro avg       0.53      0.15      0.23      3337
   macro avg       0.08      0.06      0.07      3337
weighted avg       0.19      0.15      0.17      3337
 samples avg       0.02      0.02      0.02      3337

INFO:root:... predicting on test set
INFO:root:
		 accuracy = 0.8977789670858978
INFO:root:
		 f1_macro = 0.06211180124223603
INFO:root:
              precision    recall  f1-score   support

         phy       0.00      0.00      0.00       110
        math       0.51      0.38      0.43       302
       q-bio       0.00      0.00      0.00       104
       q-fin       0.00      0.00      0.00        12
        stat       0.00      0.00      0.00       150
        eess       0.00      0.00      0.00       148
        econ       0.00      0.00      0.00         7

   micro avg       0.51      0.14      0.22       833
   macro avg       0.07      0.05      0.06       833
weighted avg       0.18      0.14      0.16       833
 samples avg       0.02      0.01      0.01       833

INFO:root:============================================================
INFO:root:OneVsRest - Complement NB      
INFO:root:... training on 29894 samples
INFO:root:... predicting on train set
INFO:root:
		 accuracy = 0.8672643339800629
INFO:root:
		 f1_macro = 0.0789204922749442
INFO:root:
              precision    recall  f1-score   support

         phy       0.33      0.03      0.05       442
        math       0.32      0.68      0.44      1209
       q-bio       0.16      0.01      0.02       414
       q-fin       0.00      0.00      0.00        50
        stat       0.13      0.01      0.02       600
        eess       0.26      0.02      0.03       594
        econ       0.00      0.00      0.00        28

   micro avg       0.31      0.26      0.28      3337
   macro avg       0.17      0.11      0.08      3337
weighted avg       0.25      0.26      0.18      3337
 samples avg       0.03      0.03      0.03      3337

INFO:root:... predicting on test set
INFO:root:
		 accuracy = 0.8688787797698688
INFO:root:
		 f1_macro = 0.0795977585694495
INFO:root:
              precision    recall  f1-score   support

         phy       0.17      0.01      0.02       110
        math       0.32      0.67      0.43       302
       q-bio       0.33      0.01      0.02       104
       q-fin       0.00      0.00      0.00        12
        stat       0.11      0.01      0.01       150
        eess       0.60      0.04      0.08       148
        econ       0.00      0.00      0.00         7

   micro avg       0.32      0.25      0.28       833
   macro avg       0.22      0.10      0.08       833
weighted avg       0.31      0.25      0.18       833
 samples avg       0.03      0.03      0.03       833

INFO:root:============================================================
INFO:root:OneVsRest - Complement NB norm 
INFO:root:... training on 29894 samples
INFO:root:... predicting on train set
INFO:root:
		 accuracy = 0.9015856024620326
INFO:root:
		 f1_macro = 0.04239265383356748
INFO:root:
              precision    recall  f1-score   support

         phy       0.00      0.00      0.00       442
        math       0.70      0.18      0.29      1209
       q-bio       0.14      0.00      0.00       414
       q-fin       0.00      0.00      0.00        50
        stat       0.11      0.00      0.00       600
        eess       0.00      0.00      0.00       594
        econ       0.00      0.00      0.00        28

   micro avg       0.61      0.07      0.12      3337
   macro avg       0.14      0.03      0.04      3337
weighted avg       0.29      0.07      0.11      3337
 samples avg       0.01      0.01      0.01      3337

INFO:root:... predicting on test set
INFO:root:
		 accuracy = 0.9012576933369013
INFO:root:
		 f1_macro = 0.03686635944700461
INFO:root:
              precision    recall  f1-score   support

         phy       0.00      0.00      0.00       110
        math       0.69      0.16      0.26       302
       q-bio       0.00      0.00      0.00       104
       q-fin       0.00      0.00      0.00        12
        stat       0.00      0.00      0.00       150
        eess       0.00      0.00      0.00       148
        econ       0.00      0.00      0.00         7

   micro avg       0.68      0.06      0.11       833
   macro avg       0.10      0.02      0.04       833
weighted avg       0.25      0.06      0.09       833
 samples avg       0.01      0.01      0.01       833

INFO:root:============================================================
INFO:root:OneVsRest - Linear SVC         
INFO:root:... training on 29894 samples
INFO:root:... predicting on train set
INFO:root:
		 accuracy = 0.9630360607479762
INFO:root:
		 f1_macro = 0.8828579188975932
INFO:root:
              precision    recall  f1-score   support

         phy       0.87      1.00      0.93       442
        math       0.70      1.00      0.83      1209
       q-bio       0.76      1.00      0.87       414
       q-fin       0.81      1.00      0.89        50
        stat       0.75      1.00      0.86       600
        eess       0.73      1.00      0.85       594
        econ       0.93      1.00      0.97        28

   micro avg       0.75      1.00      0.85      3337
   macro avg       0.79      1.00      0.88      3337
weighted avg       0.75      1.00      0.86      3337
 samples avg       0.10      0.10      0.10      3337

INFO:root:... predicting on test set
INFO:root:
		 accuracy = 0.8675408081348676
INFO:root:
		 f1_macro = 0.4448706441587805
INFO:root:
              precision    recall  f1-score   support

         phy       0.50      0.46      0.48       110
        math       0.40      0.60      0.48       302
       q-bio       0.43      0.45      0.44       104
       q-fin       0.62      0.67      0.64        12
        stat       0.23      0.27      0.25       150
        eess       0.33      0.45      0.38       148
        econ       1.00      0.29      0.44         7

   micro avg       0.37      0.48      0.42       833
   macro avg       0.50      0.46      0.44       833
weighted avg       0.38      0.48      0.42       833
 samples avg       0.05      0.05      0.05       833

INFO:root:============================================================
INFO:root:OneVsRest - Logistic Regression
INFO:root:... training on 29894 samples
INFO:root:... predicting on train set
INFO:root:
		 accuracy = 0.46296915769050645
INFO:root:
		 f1_macro = 0.24872938334429429
INFO:root:
              precision    recall  f1-score   support

         phy       0.34      0.78      0.47       442
        math       0.34      0.96      0.50      1209
       q-bio       0.23      0.87      0.37       414
       q-fin       0.01      0.96      0.01        50
        stat       0.11      0.89      0.19       600
        eess       0.10      0.89      0.18       594
        econ       0.01      0.61      0.02        28

   micro avg       0.11      0.90      0.20      3337
   macro avg       0.16      0.85      0.25      3337
weighted avg       0.23      0.90      0.36      3337
 samples avg       0.06      0.09      0.07      3337

INFO:root:... predicting on test set
INFO:root:
		 accuracy = 0.4543751672464544
INFO:root:
		 f1_macro = 0.18605465679094504
INFO:root:
              precision    recall  f1-score   support

         phy       0.21      0.50      0.30       110
        math       0.28      0.80      0.41       302
       q-bio       0.19      0.67      0.30       104
       q-fin       0.01      0.92      0.01        12
        stat       0.08      0.65      0.15       150
        eess       0.08      0.71      0.14       148
        econ       0.00      0.00      0.00         7

   micro avg       0.09      0.70      0.15       833
   macro avg       0.12      0.61      0.19       833
weighted avg       0.18      0.70      0.28       833
 samples avg       0.05      0.07      0.05       833

INFO:root:============================================================
INFO:root:OneVsRest - Dummy Uniform      
INFO:root:... training on 29894 samples
INFO:root:... predicting on train set
INFO:root:
		 accuracy = 0.8979393858299324
INFO:root:
		 f1_macro = 0.0
INFO:root:
              precision    recall  f1-score   support

         phy       0.00      0.00      0.00       442
        math       0.00      0.00      0.00      1209
       q-bio       0.00      0.00      0.00       414
       q-fin       0.00      0.00      0.00        50
        stat       0.00      0.00      0.00       600
        eess       0.00      0.00      0.00       594
        econ       0.00      0.00      0.00        28

   micro avg       0.00      0.00      0.00      3337
   macro avg       0.00      0.00      0.00      3337
weighted avg       0.00      0.00      0.00      3337
 samples avg       0.00      0.00      0.00      3337

INFO:root:... predicting on test set
INFO:root:
		 accuracy = 0.8980465614128981
INFO:root:
		 f1_macro = 0.0
INFO:root:
              precision    recall  f1-score   support

         phy       0.00      0.00      0.00       110
        math       0.00      0.00      0.00       302
       q-bio       0.00      0.00      0.00       104
       q-fin       0.00      0.00      0.00        12
        stat       0.00      0.00      0.00       150
        eess       0.00      0.00      0.00       148
        econ       0.00      0.00      0.00         7

   micro avg       0.00      0.00      0.00       833
   macro avg       0.00      0.00      0.00       833
weighted avg       0.00      0.00      0.00       833
 samples avg       0.00      0.00      0.00       833

INFO:root:============================================================
INFO:root:OneVsRest - Dummy Most-Frequent
INFO:root:... training on 29894 samples
INFO:root:... predicting on train set
INFO:root:
		 accuracy = 0.8979393858299324
INFO:root:
		 f1_macro = 0.0
INFO:root:
              precision    recall  f1-score   support

         phy       0.00      0.00      0.00       442
        math       0.00      0.00      0.00      1209
       q-bio       0.00      0.00      0.00       414
       q-fin       0.00      0.00      0.00        50
        stat       0.00      0.00      0.00       600
        eess       0.00      0.00      0.00       594
        econ       0.00      0.00      0.00        28

   micro avg       0.00      0.00      0.00      3337
   macro avg       0.00      0.00      0.00      3337
weighted avg       0.00      0.00      0.00      3337
 samples avg       0.00      0.00      0.00      3337

INFO:root:... predicting on test set
INFO:root:
		 accuracy = 0.8980465614128981
INFO:root:
		 f1_macro = 0.0
INFO:root:
              precision    recall  f1-score   support

         phy       0.00      0.00      0.00       110
        math       0.00      0.00      0.00       302
       q-bio       0.00      0.00      0.00       104
       q-fin       0.00      0.00      0.00        12
        stat       0.00      0.00      0.00       150
        eess       0.00      0.00      0.00       148
        econ       0.00      0.00      0.00         7

   micro avg       0.00      0.00      0.00       833
   macro avg       0.00      0.00      0.00       833
weighted avg       0.00      0.00      0.00       833
 samples avg       0.00      0.00      0.00       833

INFO:root:============================================================
INFO:root:OneVsRest - Dummy Stratified   
INFO:root:... training on 29894 samples
INFO:root:... predicting on train set
INFO:root:
		 accuracy = 0.8022680136482238
INFO:root:
		 f1_macro = 0.014450574113868051
INFO:root:
              precision    recall  f1-score   support

         phy       0.01      0.01      0.01       442
        math       0.04      0.04      0.04      1209
       q-bio       0.01      0.01      0.01       414
       q-fin       0.00      0.00      0.00        50
        stat       0.03      0.03      0.03       600
        eess       0.02      0.02      0.02       594
        econ       0.00      0.00      0.00        28

   micro avg       0.02      0.02      0.02      3337
   macro avg       0.01      0.01      0.01      3337
weighted avg       0.02      0.02      0.02      3337
 samples avg       0.00      0.00      0.00      3337

INFO:root:... predicting on test set
INFO:root:
		 accuracy = 0.8092052448488092
INFO:root:
		 f1_macro = 0.020763889032698123
INFO:root:
              precision    recall  f1-score   support

         phy       0.04      0.04      0.04       110
        math       0.04      0.04      0.04       302
       q-bio       0.05      0.04      0.04       104
       q-fin       0.00      0.00      0.00        12
        stat       0.01      0.01      0.01       150
        eess       0.01      0.01      0.01       148
        econ       0.00      0.00      0.00         7

   micro avg       0.03      0.03      0.03       833
   macro avg       0.02      0.02      0.02       833
weighted avg       0.03      0.03      0.03       833
 samples avg       0.00      0.00      0.00       833

INFO:root:============================================================
INFO:root:

>>> TAXONOMY WITH 5 SUBJECTS - PART 2


INFO:root:OneVsRest - Multinomial NB     
INFO:root:... training on 29941 samples
INFO:root:... predicting on train set
INFO:root:
		 accuracy = 0.5672489228816673
INFO:root:
		 f1_macro = 0.7463074965120334
INFO:root:
              precision    recall  f1-score   support

       cs.AI       0.77      0.69      0.72      6944
       cs.CV       0.92      0.91      0.91     13253
       cs.LG       0.81      0.86      0.84     15005
     stat.ML       0.76      0.83      0.80     12413
          cs       0.70      0.34      0.46      4856

   micro avg       0.82      0.80      0.81     52471
   macro avg       0.79      0.73      0.75     52471
weighted avg       0.81      0.80      0.80     52471
 samples avg       0.86      0.86      0.83     52471

INFO:root:... predicting on test set
INFO:root:
		 accuracy = 0.5536555809882859
INFO:root:
		 f1_macro = 0.7306280492529196
INFO:root:
              precision    recall  f1-score   support

       cs.AI       0.74      0.65      0.69      1736
       cs.CV       0.92      0.91      0.91      3314
       cs.LG       0.81      0.84      0.83      3751
     stat.ML       0.78      0.83      0.80      3103
          cs       0.62      0.32      0.42      1214

   micro avg       0.81      0.78      0.80     13118
   macro avg       0.77      0.71      0.73     13118
weighted avg       0.80      0.78      0.79     13118
 samples avg       0.85      0.85      0.82     13118

INFO:root:============================================================
INFO:root:OneVsRest - Complement NB      
INFO:root:... training on 29941 samples
INFO:root:... predicting on train set
INFO:root:
		 accuracy = 0.5248989679703416
INFO:root:
		 f1_macro = 0.7606968375528119
INFO:root:
              precision    recall  f1-score   support

       cs.AI       0.65      0.76      0.70      6944
       cs.CV       0.91      0.91      0.91     13253
       cs.LG       0.81      0.86      0.84     15005
     stat.ML       0.75      0.86      0.80     12413
          cs       0.47      0.67      0.55      4856

   micro avg       0.76      0.84      0.80     52471
   macro avg       0.72      0.81      0.76     52471
weighted avg       0.77      0.84      0.80     52471
 samples avg       0.82      0.89      0.82     52471

INFO:root:... predicting on test set
INFO:root:
		 accuracy = 0.5058570082132758
INFO:root:
		 f1_macro = 0.744575042822634
INFO:root:
              precision    recall  f1-score   support

       cs.AI       0.62      0.73      0.67      1736
       cs.CV       0.91      0.91      0.91      3314
       cs.LG       0.81      0.84      0.83      3751
     stat.ML       0.76      0.85      0.80      3103
          cs       0.43      0.64      0.51      1214

   micro avg       0.75      0.83      0.79     13118
   macro avg       0.71      0.79      0.74     13118
weighted avg       0.76      0.83      0.79     13118
 samples avg       0.82      0.88      0.81     13118

INFO:root:============================================================
INFO:root:OneVsRest - Complement NB norm 
INFO:root:... training on 29941 samples
INFO:root:... predicting on train set
INFO:root:
		 accuracy = 0.5670151297551852
INFO:root:
		 f1_macro = 0.7172884727822895
INFO:root:
              precision    recall  f1-score   support

       cs.AI       0.80      0.66      0.72      6944
       cs.CV       0.91      0.91      0.91     13253
       cs.LG       0.82      0.86      0.84     15005
     stat.ML       0.77      0.83      0.80     12413
          cs       0.82      0.20      0.32      4856

   micro avg       0.83      0.78      0.80     52471
   macro avg       0.82      0.69      0.72     52471
weighted avg       0.83      0.78      0.78     52471
 samples avg       0.86      0.85      0.83     52471

INFO:root:... predicting on test set
INFO:root:
		 accuracy = 0.5578295408644136
INFO:root:
		 f1_macro = 0.7024842866436012
INFO:root:
              precision    recall  f1-score   support

       cs.AI       0.77      0.63      0.69      1736
       cs.CV       0.92      0.91      0.91      3314
       cs.LG       0.82      0.84      0.83      3751
     stat.ML       0.78      0.83      0.80      3103
          cs       0.71      0.17      0.28      1214

   micro avg       0.83      0.77      0.79     13118
   macro avg       0.80      0.68      0.70     13118
weighted avg       0.82      0.77      0.77     13118
 samples avg       0.86      0.84      0.82     13118

INFO:root:============================================================
INFO:root:OneVsRest - Linear SVC         
INFO:root:... training on 29941 samples
INFO:root:... predicting on train set
INFO:root:
		 accuracy = 0.8054173207307705
INFO:root:
		 f1_macro = 0.9240518576965769
INFO:root:
              precision    recall  f1-score   support

       cs.AI       0.86      0.96      0.91      6944
       cs.CV       0.98      0.98      0.98     13253
       cs.LG       0.93      0.95      0.94     15005
     stat.ML       0.91      0.96      0.93     12413
          cs       0.76      0.99      0.86      4856

   micro avg       0.91      0.96      0.94     52471
   macro avg       0.89      0.97      0.92     52471
weighted avg       0.91      0.96      0.94     52471
 samples avg       0.93      0.97      0.94     52471

INFO:root:... predicting on test set
INFO:root:
		 accuracy = 0.5315739868049011
INFO:root:
		 f1_macro = 0.7576710628575448
INFO:root:
              precision    recall  f1-score   support

       cs.AI       0.66      0.69      0.67      1736
       cs.CV       0.93      0.91      0.92      3314
       cs.LG       0.83      0.84      0.84      3751
     stat.ML       0.79      0.84      0.82      3103
          cs       0.47      0.63      0.54      1214

   micro avg       0.78      0.82      0.80     13118
   macro avg       0.74      0.79      0.76     13118
weighted avg       0.79      0.82      0.80     13118
 samples avg       0.83      0.87      0.82     13118

INFO:root:============================================================
INFO:root:OneVsRest - Logistic Regression
INFO:root:... training on 29941 samples
INFO:root:... predicting on train set
INFO:root:
		 accuracy = 0.6081293209979627
INFO:root:
		 f1_macro = 0.8224691434314165
INFO:root:
              precision    recall  f1-score   support

       cs.AI       0.73      0.82      0.77      6944
       cs.CV       0.94      0.93      0.94     13253
       cs.LG       0.86      0.89      0.87     15005
     stat.ML       0.81      0.90      0.85     12413
          cs       0.55      0.87      0.67      4856

   micro avg       0.81      0.89      0.85     52471
   macro avg       0.78      0.88      0.82     52471
weighted avg       0.82      0.89      0.85     52471
 samples avg       0.86      0.92      0.87     52471

INFO:root:... predicting on test set
INFO:root:
		 accuracy = 0.534536151878282
INFO:root:
		 f1_macro = 0.7657941366442756
INFO:root:
              precision    recall  f1-score   support

       cs.AI       0.65      0.73      0.69      1736
       cs.CV       0.93      0.91      0.92      3314
       cs.LG       0.83      0.85      0.84      3751
     stat.ML       0.79      0.87      0.83      3103
          cs       0.45      0.70      0.55      1214

   micro avg       0.77      0.84      0.80     13118
   macro avg       0.73      0.81      0.77     13118
weighted avg       0.79      0.84      0.81     13118
 samples avg       0.83      0.89      0.83     13118

INFO:root:============================================================
INFO:root:OneVsRest - Dummy Uniform      
INFO:root:... training on 29941 samples
INFO:root:... predicting on train set
INFO:root:
		 accuracy = 0.0
INFO:root:
		 f1_macro = 0.0
INFO:root:
              precision    recall  f1-score   support

       cs.AI       0.00      0.00      0.00      6944
       cs.CV       0.00      0.00      0.00     13253
       cs.LG       0.00      0.00      0.00     15005
     stat.ML       0.00      0.00      0.00     12413
          cs       0.00      0.00      0.00      4856

   micro avg       0.00      0.00      0.00     52471
   macro avg       0.00      0.00      0.00     52471
weighted avg       0.00      0.00      0.00     52471
 samples avg       0.00      0.00      0.00     52471

INFO:root:... predicting on test set
INFO:root:
		 accuracy = 0.0
INFO:root:
		 f1_macro = 0.0
INFO:root:
              precision    recall  f1-score   support

       cs.AI       0.00      0.00      0.00      1736
       cs.CV       0.00      0.00      0.00      3314
       cs.LG       0.00      0.00      0.00      3751
     stat.ML       0.00      0.00      0.00      3103
          cs       0.00      0.00      0.00      1214

   micro avg       0.00      0.00      0.00     13118
   macro avg       0.00      0.00      0.00     13118
weighted avg       0.00      0.00      0.00     13118
 samples avg       0.00      0.00      0.00     13118

INFO:root:============================================================
INFO:root:OneVsRest - Dummy Most-Frequent
INFO:root:... training on 29941 samples
INFO:root:... predicting on train set
INFO:root:
		 accuracy = 0.04214956080291239
INFO:root:
		 f1_macro = 0.1335380234058648
INFO:root:
              precision    recall  f1-score   support

       cs.AI       0.00      0.00      0.00      6944
       cs.CV       0.00      0.00      0.00     13253
       cs.LG       0.50      1.00      0.67     15005
     stat.ML       0.00      0.00      0.00     12413
          cs       0.00      0.00      0.00      4856

   micro avg       0.50      0.29      0.36     52471
   macro avg       0.10      0.20      0.13     52471
weighted avg       0.14      0.29      0.19     52471
 samples avg       0.50      0.23      0.31     52471

INFO:root:... predicting on test set
INFO:root:
		 accuracy = 0.036623131816345765
INFO:root:
		 f1_macro = 0.1342279477545178
INFO:root:
              precision    recall  f1-score   support

       cs.AI       0.00      0.00      0.00      1736
       cs.CV       0.00      0.00      0.00      3314
       cs.LG       0.51      1.00      0.67      3751
     stat.ML       0.00      0.00      0.00      3103
          cs       0.00      0.00      0.00      1214

   micro avg       0.51      0.29      0.37     13118
   macro avg       0.10      0.20      0.13     13118
weighted avg       0.14      0.29      0.19     13118
 samples avg       0.51      0.23      0.31     13118

INFO:root:============================================================
INFO:root:OneVsRest - Dummy Stratified   
INFO:root:... training on 29941 samples
INFO:root:... predicting on train set
INFO:root:
		 accuracy = 0.06001803546975719
INFO:root:
		 f1_macro = 0.3497980245669834
INFO:root:
              precision    recall  f1-score   support

       cs.AI       0.23      0.23      0.23      6944
       cs.CV       0.44      0.44      0.44     13253
       cs.LG       0.50      0.50      0.50     15005
     stat.ML       0.41      0.42      0.42     12413
          cs       0.16      0.16      0.16      4856

   micro avg       0.40      0.40      0.40     52471
   macro avg       0.35      0.35      0.35     52471
weighted avg       0.40      0.40      0.40     52471
 samples avg       0.36      0.40      0.34     52471

INFO:root:... predicting on test set
INFO:root:
		 accuracy = 0.06112831560522418
INFO:root:
		 f1_macro = 0.3515013825237757
INFO:root:
              precision    recall  f1-score   support

       cs.AI       0.23      0.23      0.23      1736
       cs.CV       0.45      0.45      0.45      3314
       cs.LG       0.51      0.51      0.51      3751
     stat.ML       0.41      0.40      0.41      3103
          cs       0.16      0.16      0.16      1214

   micro avg       0.40      0.40      0.40     13118
   macro avg       0.35      0.35      0.35     13118
weighted avg       0.40      0.40      0.40     13118
 samples avg       0.37      0.41      0.35     13118

INFO:root:============================================================
