DEBUG - find_abstract() - abstract found: "Abstract".
INFO - get_paragraph_titles() - Abstract with font=5 found: "Abstract".
DEBUG - find_references() - references found: "References".
INFO - get_paragraph_titles() - References with font=2 found: "References".
INFO - get_paragraph_titles() - Introduction with References font=2 found: "Introduction".
INFO - get_paragraph_titles() - Valid paragraph titles found:
	- Introduction
	- and its Benchmarks
	- A Greedy Algorithm for
	- Improving
	- by Local Search
	- Conclusions and Future Work
	- References
INFO - Paragraph titles detected:
	- Abstract	in page: 1
	- Introduction	in page: 1
	- and its Benchmarks	in page: 2
	- A Greedy Algorithm for	in page: 3
	- Improving	in page: 4
	- by Local Search	in page: 4
	- Conclusions and Future Work	in page: 6
	- References	in page: 6
DEBUG - parse_txt_fw_bw() - Title line "iterative flattening a scalable method for solving" found for the title "iterative flattening a scalable method for solving multi capacity scheduling problems", from the index 0.
DEBUG - parse_txt_fw_bw() - Title line "multi capacity scheduling problems" found for the title "iterative flattening a scalable method for solving multi capacity scheduling problems", from the index 1.
DEBUG - parse_txt_fw_bw() - "and its benchmarks" not found. Proceeding with a full search..
DEBUG - parse_txt_fw_bw() - Title line "mcjssp and its benchmarks" found for the title "and its benchmarks", from the index 155.
DEBUG - parse_txt_fw_bw() - "a greedy algorithm for" not found. Proceeding with a full search..
DEBUG - parse_txt_fw_bw() - Title line "a greedy algorithm for" not found in list for the title "a greedy algorithm for", but has matched with: [a greedy algorithm for]
DEBUG - parse_txt_fw_bw() - "a greedy algorithm for" not found. Proceeding with a full search..
DEBUG - parse_txt_fw_bw() - Title line "a greedy algorithm for mcjssp" found for the title "a greedy algorithm for", from the index 224.
DEBUG - parse_txt_fw_bw() - "improving" not found. Proceeding with a full search..
DEBUG - parse_txt_fw_bw() - Title line "improving" not found in list for the title "improving", but has matched with: [improving]
DEBUG - parse_txt_fw_bw() - "improving" not found. Proceeding with a full search..
DEBUG - parse_txt_fw_bw() - Title line "improving estam by local search" found for the title "improving", from the index 421.
DEBUG - parse_txt_fw_bw() - "by local search" not found. Proceeding with a full search..
DEBUG - parse_txt_fw_bw() - Title line "improving estam by local search" not found in list for the title "by local search", but has matched with: [improving estam by local search]
CRITICAL - parse_txt_fw_bw() - Title line "by local search" not found in txt.
CRITICAL - Error occurred. Exit..
